<?xml version="1.0" encoding="UTF-8"?>
<!-- Generated by org.testng.reporters.JUnitXMLReporter -->
<testsuite hostname="DESKTOP-881CB56" ignored="1" name="Default test" tests="1" failures="0" timestamp="30 Jun 2021 07:33:39 GMT" time="5.364" errors="0">
  <testcase name="getUserList2APITest" time="5.307" classname="com.api.tests.GET_API_NoBDD"/>
  <testcase name="getUserListAPITest" time="0.0" classname="com.api.tests.GET_API_NoBDD">
    <ignored/>
  </testcase> <!-- getUserListAPITest -->
</testsuite> <!-- Default test -->
